Determining if the pthread_create exist failed with the following output:
Change Dir: /home/cristina/catkin_ws2/build/CMakeFiles/CMakeTmp

Run Build Command:"/usr/bin/make" "cmTC_757ba/fast"
/usr/bin/make -f CMakeFiles/cmTC_757ba.dir/build.make CMakeFiles/cmTC_757ba.dir/build
make[1]: ingresso nella directory "/home/cristina/catkin_ws2/build/CMakeFiles/CMakeTmp"
Building C object CMakeFiles/cmTC_757ba.dir/CheckSymbolExists.c.o
/usr/bin/cc     -o CMakeFiles/cmTC_757ba.dir/CheckSymbolExists.c.o   -c /home/cristina/catkin_ws2/build/CMakeFiles/CMakeTmp/CheckSymbolExists.c
Linking C executable cmTC_757ba
/usr/bin/cmake -E cmake_link_script CMakeFiles/cmTC_757ba.dir/link.txt --verbose=1
/usr/bin/cc       CMakeFiles/cmTC_757ba.dir/CheckSymbolExists.c.o  -o cmTC_757ba -rdynamic 
CMakeFiles/cmTC_757ba.dir/CheckSymbolExists.c.o: nella funzione "main":
CheckSymbolExists.c:(.text+0x16): riferimento non definito a "pthread_create"
collect2: error: ld returned 1 exit status
CMakeFiles/cmTC_757ba.dir/build.make:97: set di istruzioni per l'obiettivo "cmTC_757ba" non riuscito
make[1]: *** [cmTC_757ba] Errore 1
make[1]: uscita dalla directory "/home/cristina/catkin_ws2/build/CMakeFiles/CMakeTmp"
Makefile:126: set di istruzioni per l'obiettivo "cmTC_757ba/fast" non riuscito
make: *** [cmTC_757ba/fast] Errore 2

File /home/cristina/catkin_ws2/build/CMakeFiles/CMakeTmp/CheckSymbolExists.c:
/* */
#include <pthread.h>

int main(int argc, char** argv)
{
  (void)argv;
#ifndef pthread_create
  return ((int*)(&pthread_create))[argc];
#else
  (void)argc;
  return 0;
#endif
}

Determining if the function pthread_create exists in the pthreads failed with the following output:
Change Dir: /home/cristina/catkin_ws2/build/CMakeFiles/CMakeTmp

Run Build Command:"/usr/bin/make" "cmTC_d7540/fast"
/usr/bin/make -f CMakeFiles/cmTC_d7540.dir/build.make CMakeFiles/cmTC_d7540.dir/build
make[1]: ingresso nella directory "/home/cristina/catkin_ws2/build/CMakeFiles/CMakeTmp"
Building C object CMakeFiles/cmTC_d7540.dir/CheckFunctionExists.c.o
/usr/bin/cc    -DCHECK_FUNCTION_EXISTS=pthread_create   -o CMakeFiles/cmTC_d7540.dir/CheckFunctionExists.c.o   -c /usr/share/cmake-3.5/Modules/CheckFunctionExists.c
Linking C executable cmTC_d7540
/usr/bin/cmake -E cmake_link_script CMakeFiles/cmTC_d7540.dir/link.txt --verbose=1
/usr/bin/cc   -DCHECK_FUNCTION_EXISTS=pthread_create    CMakeFiles/cmTC_d7540.dir/CheckFunctionExists.c.o  -o cmTC_d7540 -rdynamic -lpthreads 
/usr/bin/ld: impossibile trovare -lpthreads
collect2: error: ld returned 1 exit status
CMakeFiles/cmTC_d7540.dir/build.make:97: set di istruzioni per l'obiettivo "cmTC_d7540" non riuscito
make[1]: *** [cmTC_d7540] Errore 1
make[1]: uscita dalla directory "/home/cristina/catkin_ws2/build/CMakeFiles/CMakeTmp"
Makefile:126: set di istruzioni per l'obiettivo "cmTC_d7540/fast" non riuscito
make: *** [cmTC_d7540/fast] Errore 2


